make.exe all --print-data-base --no-builtin-variables --no-builtin-rules --question
make: *** No rule to make target 'all'.  Stop.

# GNU Make 4.3
# Built for Windows32
# Copyright (C) 1988-2020 Free Software Foundation, Inc.
# License GPLv3+: GNU GPL version 3 or later <http://gnu.org/licenses/gpl.html>
# This is free software: you are free to change and redistribute it.
# There is NO WARRANTY, to the extent permitted by law.

# Make data base, printed on Fri Aug 12 18:07:17 2022

# Variables

# environment
SYSTEMDRIVE = C:
# environment
JAVA_HOME = D:\Program Files\AdoptOpenJDK\jdk-11.0.10.9-hotspot
# environment
LC_ALL = C
# environment
USERPROFILE = C:\Users\Arkadiusz
# environment
VBOX_MSI_INSTALL_PATH = D:\Program Files\Oracle\VirtualBox\
# environment
LOCALAPPDATA = C:\Users\Arkadiusz\AppData\Local
# environment
WSLENV = BASH_ENV/u
# environment
VSCODE_CWD = E:\workplace\projekty\diy-quadcopter\software\quadcopter
# environment
CHOCOLATEYINSTALL = C:\ProgramData\chocolatey
# environment
SYSTEMROOT = C:\WINDOWS
# environment
PROCESSOR_LEVEL = 6
# environment
PSMODULEPATH = C:\Program Files\WindowsPowerShell\Modules;C:\WINDOWS\system32\WindowsPowerShell\v1.0\Modules
# default
MAKE_COMMAND := C:/ProgramData/chocolatey/lib/make/tools/install/bin/make.exe
# automatic
@D = $(patsubst %/,%,$(patsubst %\,%,$(dir $@)))
# environment
CHROME_CRASHPAD_PIPE_NAME = \\.\pipe\crashpad_26332_QBPHAIYPZOHTXUVF
# environment
VSCODE_HANDLES_UNCAUGHT_ERRORS = true
# default
.VARIABLES := 
# automatic
%D = $(patsubst %/,%,$(patsubst %\,%,$(dir $%)))
# environment
ONETHINX_COMPILER_VERSION = gcc-arm-none-eabi-9-2020-q2-update
# automatic
^D = $(patsubst %/,%,$(patsubst %\,%,$(dir $^)))
# automatic
%F = $(notdir $%)
# environment
VSCODE_CODE_CACHE_PATH = C:\Users\Arkadiusz\AppData\Roaming\Code\CachedData\6d9b74a70ca9c7733b29f0456fd8195364076dda
# environment
LANG = C
# default
.LOADED := 
# environment
TMP = C:\Users\ARKADI~1\AppData\Local\Temp
# default
.INCLUDE_DIRS = .
# environment
PROCESSOR_ARCHITEW6432 = AMD64
# makefile
MAKEFLAGS = pqrR
# environment
CDS_HOME = C:\cds_spb_home
# environment
ONEDRIVE = C:\Users\Arkadiusz\OneDrive
# makefile
CURDIR := e:/workplace/projekty/diy-quadcopter/software/quadcopter
# environment
CDS_LISTENER_MODE = LOCAL
# environment
APPLICATION_INSIGHTS_NO_DIAGNOSTIC_CHANNEL = 1
# automatic
*D = $(patsubst %/,%,$(patsubst %\,%,$(dir $*)))
# environment
PROGRAMFILES = C:\Program Files (x86)
# environment
MFLAGS = -pqrR
# default
.SHELLFLAGS := -c
# environment
COMMONPROGRAMW6432 = C:\Program Files\Common Files
# automatic
+D = $(patsubst %/,%,$(patsubst %\,%,$(dir $+)))
# makefile
MAKEFILE_LIST := 
# automatic
@F = $(notdir $@)
# environment
VSCODE_PID = 26332
# environment
CUDA_PATH = C:\Program Files\NVIDIA GPU Computing Toolkit\CUDA\v11.3
# automatic
?D = $(patsubst %/,%,$(patsubst %\,%,$(dir $?)))
# automatic
*F = $(notdir $*)
# automatic
<D = $(patsubst %/,%,$(patsubst %\,%,$(dir $<)))
# environment
VSCODE_NLS_CONFIG = {"locale":"pl","availableLanguages":{},"_languagePackSupport":true}
# default
MAKE_HOST := Windows32
# environment
PROGRAMDATA = C:\ProgramData
# default
SHELL := sh.exe
# environment
NVCUDASAMPLES11_3_ROOT = C:\ProgramData\NVIDIA Corporation\CUDA Samples\v11.3
# environment
ONETHINX_PDL_VERSION = PDL_1.3.1.1499
# environment
HOMEPATH = \Users\Arkadiusz
# default
MAKECMDGOALS := all
# environment
DRIVERDATA = C:\Windows\System32\Drivers\DriverData
# environment
COMSPEC = C:\WINDOWS\system32\cmd.exe
# environment
WINDIR = C:\WINDOWS
# environment
MAKELEVEL := 0
# default
MAKE = $(MAKE_COMMAND)
# environment
PATH = C:\Program Files\NVIDIA GPU Computing Toolkit\CUDA\v11.3\bin;C:\Program Files\NVIDIA GPU Computing Toolkit\CUDA\v11.3\libnvvp;C:\Program Files\NVIDIA GPU Computing Toolkit\CUDA\v10.1\bin;C:\Program Files\NVIDIA GPU Computing Toolkit\CUDA\v10.1\libnvvp;D:\Microchip\xc8\v1.00\bin;C:\Windows\system32;C:\Windows;C:\Windows\System32\Wbem;C:\Windows\System32\WindowsPowerShell\v1.0\;C:\Windows\System32\OpenSSH\;D:\Program Files\PuTTY\;D:\Program Files\Git\cmd;C:\Program Files (x86)\Intel\Intel(R) Management Engine Components\DAL;C:\Program Files\Intel\Intel(R) Management Engine Components\DAL;C:\Program Files\Intel\WiFi\bin\;C:\Program Files\Common Files\Intel\WirelessCommon\;C:\Program Files (x86)\NVIDIA Corporation\PhysX\Common;C:\MinGW\bin;D:\Program Files\PostgreSQL\13\bin;D:\Microchip\xc32\v2.50\bin;D:\Microchip\xc8\v2.31\bin;C:\Program Files\dotnet\;C:\Program Files\Microsoft SQL Server\130\Tools\Binn\;D:\Program Files\ffmpeg-N-101142-g670051b524-win64-gpl-shared\bin;C:\WINDOWS\system32;C:\WINDOWS;C:\WINDOWS\System32\Wbem;C:\WINDOWS\System32\WindowsPowerShell\v1.0\;C:\WINDOWS\System32\OpenSSH\;C:\Users\Arkadiusz\AppData\Roaming\Python\Python39\Scripts;C:\ProgramData\chocolatey\bin;C:\Program Files\NVIDIA Corporation\NVIDIA NvDLISR;D:\Program Files\Apache Software Foundation\apache-maven-3.8.1\bin;D:\Program Files\Java\jdk1.8.0_261\bin;D:\Program Files\AdoptOpenJDK\jdk-11.0.10.9-hotspot\bin;C:\Program Files\NVIDIA Corporation\Nsight Compute 2021.1.1\;D:\GNU_Arm_Embedded_Toolchain\10_2020_q4_major\bin;C:\Program Files\CMake\bin;D:\Program Files\Python38;D:\Program Files\Python38\Scripts\;C:\Program Files (x86)\STMicroelectronics\STM32 ST-LINK Utility\ST-LINK Utility;D:\Program Files\TortoiseGit\bin;C:\Program Files\nodejs\;C:\Program Files\Docker\Docker\resources\bin;C:\ProgramData\DockerDesktop\version-bin;D:\ARM\GNU Arm Embedded Toolchain\bin;C:\Users\Arkadiusz\AppData\Local\Microsoft\WindowsApps;D:\Program Files\Microsoft VS Code\bin;C:\Program Files\Intel\WiFi\bin\;C:\Program Files\Common Files\Intel\WirelessCommon\;D:\Program Files\JetBrains\IntelliJ IDEA 2020.2.3\bin;;C:\Users\Arkadiusz\.dotnet\tools;D:\Program Files\JetBrains\PyCharm Community Edition 2020.3.3\bin;;C:\MinGW\bin;D:\Program Files\Graphviz\bin;D:\Keil_v5\UV4;D:\Keil_v5\ARM\ARMCLANG\bin;D:\Arm\gcc-arm-none-eabi-10.3-2021.10\bin;E:\ipmitool;C:\Users\Arkadiusz\AppData\Roaming\npm;E:\srecord-1.63-win32;
# environment
COMPUTERNAME = ARKADIUSZ
# default
MAKEFILES := 
# automatic
^F = $(notdir $^)
# environment
PROMPT = $P$G
# environment
ONETHINX_TOOLS_VERSION = tools_2.0
# environment
CHOCOLATEYLASTPATHUPDATE = 132830966993421461
# environment
NVTOOLSEXT_PATH = C:\Program Files\NVIDIA Corporation\NvToolsExt\
# environment
INTELLIJ IDEA = D:\Program Files\JetBrains\IntelliJ IDEA 2020.2.3\bin;
# environment
CUDA_PATH_V11_3 = C:\Program Files\NVIDIA GPU Computing Toolkit\CUDA\v11.3
# environment
LOGONSERVER = \\ARKADIUSZ
# environment
USERNAME = Arkadiusz
# environment
COMMONPROGRAMFILES = C:\Program Files (x86)\Common Files
# automatic
?F = $(notdir $?)
# environment
PROGRAMW6432 = C:\Program Files
# environment
PATHEXT = .COM;.EXE;.BAT;.CMD;.VBS;.VBE;.JS;.JSE;.WSF;.WSH;.MSC;.PY;.PYW
# automatic
+F = $(notdir $+)
# environment
ORIGINAL_XDG_CURRENT_DESKTOP = undefined
# environment
USERDOMAIN = ARKADIUSZ
# 'override' directive
GNUMAKEFLAGS := 
# environment
OS = Windows_NT
# environment
__COMPAT_LAYER = DetectorsAppHealth
# environment
BASH_ENV = /etc/bash.bashrc
# makefile
.DEFAULT_GOAL := 
# default
MAKE_VERSION := 4.3
# environment
PROGRAMFILES(X86) = C:\Program Files (x86)
# environment
NVCUDASAMPLES_ROOT = C:\ProgramData\NVIDIA Corporation\CUDA Samples\v11.3
# environment
USERDOMAIN_ROAMINGPROFILE = ARKADIUSZ
# environment
NUMBER_OF_PROCESSORS = 12
# environment
PUBLIC = C:\Users\Public
# environment
APPDATA = C:\Users\Arkadiusz\AppData\Roaming
# environment
HOMEDRIVE = C:
# environment
PROCESSOR_ARCHITECTURE = x86
# environment
PYCHARM COMMUNITY EDITION = D:\Program Files\JetBrains\PyCharm Community Edition 2020.3.3\bin;
# environment
VSCODE_AMD_ENTRYPOINT = vs/workbench/api/node/extensionHostProcess
# environment
COMMONPROGRAMFILES(X86) = C:\Program Files (x86)\Common Files
# environment
ELECTRON_RUN_AS_NODE = 1
# environment
TEMP = C:\Users\ARKADI~1\AppData\Local\Temp
# environment
VSCODE_IPC_HOOK = \\.\pipe\747e2762da8328bca172c9a163d88028-1.70.1-main-sock
# default
.RECIPEPREFIX := 
# automatic
<F = $(notdir $<)
# default
SUFFIXES := 
# environment
ALLUSERSPROFILE = C:\ProgramData
# environment
SESSIONNAME = Console
# default
.FEATURES := target-specific order-only second-expansion else-if shortest-stem undefine oneshell nocomment grouped-target extra-prereqs archives jobserver output-sync load
# environment
PROCESSOR_REVISION = 9e0a
# environment
PROCESSOR_IDENTIFIER = Intel64 Family 6 Model 158 Stepping 10, GenuineIntel
# environment
JRE_HOME = D:\Program Files\Java\jre1.8.0_261
# variable set hash-table stats:
# Load=107/1024=10%, Rehash=0, Collisions=9/131=7%

# Pattern-specific Variable Values

# No pattern-specific variable values.

# Directories

# . (key e:/workplace/projekty/diy-quadcopter/software/quadcopter, mtime 1660320436): 17 files, no impossibilities.

# 17 files, no impossibilities in 1 directories.

# Implicit Rules

# No implicit rules.

# Files

# Not a target:
Makefile:
#  Implicit rule search has been done.
#  File does not exist.
#  File has been updated.
#  Failed to be updated.

# Not a target:
.DEFAULT:
#  Implicit rule search has not been done.
#  Modification time never checked.
#  File has not been updated.

# Not a target:
all:
#  Command line target.
#  Implicit rule search has been done.
#  File does not exist.
#  File has not been updated.

# Not a target:
makefile:
#  Implicit rule search has been done.
#  File does not exist.
#  File has been updated.
#  Failed to be updated.

# Not a target:
makefile.mak:
#  Implicit rule search has been done.
#  File does not exist.
#  File has been updated.
#  Failed to be updated.

# Not a target:
GNUmakefile:
#  Implicit rule search has been done.
#  File does not exist.
#  File has been updated.
#  Failed to be updated.

# files hash-table stats:
# Load=7/1024=1%, Rehash=0, Collisions=0/16=0%
# VPATH Search Paths

# No 'vpath' search paths.

# No general ('VPATH' variable) search path.

# strcache buffers: 1 (0) / strings = 24 / storage = 243 B / avg = 10 B
# current buf: size = 8174 B / used = 243 B / count = 24 / avg = 10 B

# strcache performance: lookups = 27 / hit rate = 11%
# hash-table stats:
# Load=24/8192=0%, Rehash=0, Collisions=0/27=0%
# Finished Make data base on Fri Aug 12 18:07:17 2022

 
